{"level":"info","message":"Server is running on port 3000"}
{"level":"info","message":"Server is running on port 3000"}
{"level":"info","message":"Server is running on port 3000"}
{"level":"info","message":"Server is running on port 3000"}
{"level":"info","message":"Server is running on port 3000"}
{"level":"info","message":"Server is running on port 3000"}
{"level":"info","message":"Server is running on port 3000"}
{"level":"error","message":"Error deleting photos: fs.existsSync is not a function","stack":"TypeError: fs.existsSync is not a function\n    at N:\\LOG BOOK\\server.js:255:11"}
{"level":"error","message":"Error renaming photos for visitor 0001: fs.existsSync is not a function","stack":"TypeError: fs.existsSync is not a function\n    at N:\\LOG BOOK\\server.js:283:12"}
{"level":"error","message":"Error renaming photos for visitor 0002: fs.existsSync is not a function","stack":"TypeError: fs.existsSync is not a function\n    at N:\\LOG BOOK\\server.js:283:12"}
{"level":"error","message":"Error renaming photos for visitor 0003: fs.existsSync is not a function","stack":"TypeError: fs.existsSync is not a function\n    at N:\\LOG BOOK\\server.js:283:12"}
{"level":"error","message":"Error renaming photos for visitor 0004: fs.existsSync is not a function","stack":"TypeError: fs.existsSync is not a function\n    at N:\\LOG BOOK\\server.js:283:12"}
{"level":"error","message":"Error renaming photos for visitor 0005: fs.existsSync is not a function","stack":"TypeError: fs.existsSync is not a function\n    at N:\\LOG BOOK\\server.js:283:12"}
{"level":"error","message":"Error deleting photos: fs.existsSync is not a function","stack":"TypeError: fs.existsSync is not a function\n    at N:\\LOG BOOK\\server.js:255:11"}
{"level":"error","message":"Error renaming photos for visitor 0001: fs.existsSync is not a function","stack":"TypeError: fs.existsSync is not a function\n    at N:\\LOG BOOK\\server.js:283:12"}
{"level":"error","message":"Error renaming photos for visitor 0002: fs.existsSync is not a function","stack":"TypeError: fs.existsSync is not a function\n    at N:\\LOG BOOK\\server.js:283:12"}
{"level":"error","message":"Error renaming photos for visitor 0003: fs.existsSync is not a function","stack":"TypeError: fs.existsSync is not a function\n    at N:\\LOG BOOK\\server.js:283:12"}
{"level":"error","message":"Error renaming photos for visitor 0005: fs.existsSync is not a function","stack":"TypeError: fs.existsSync is not a function\n    at N:\\LOG BOOK\\server.js:283:12"}
{"level":"error","message":"Error deleting photos: fs.existsSync is not a function","stack":"TypeError: fs.existsSync is not a function\n    at N:\\LOG BOOK\\server.js:255:11"}
{"level":"error","message":"Error renaming photos for visitor 0001: fs.existsSync is not a function","stack":"TypeError: fs.existsSync is not a function\n    at N:\\LOG BOOK\\server.js:283:12"}
{"level":"error","message":"Error renaming photos for visitor 0002: fs.existsSync is not a function","stack":"TypeError: fs.existsSync is not a function\n    at N:\\LOG BOOK\\server.js:283:12"}
{"level":"error","message":"Error renaming photos for visitor 0004: fs.existsSync is not a function","stack":"TypeError: fs.existsSync is not a function\n    at N:\\LOG BOOK\\server.js:283:12"}
{"level":"error","message":"Error deleting photos: fs.existsSync is not a function","stack":"TypeError: fs.existsSync is not a function\n    at N:\\LOG BOOK\\server.js:255:11"}
{"level":"error","message":"Error renaming photos for visitor 0001: fs.existsSync is not a function","stack":"TypeError: fs.existsSync is not a function\n    at N:\\LOG BOOK\\server.js:283:12"}
{"level":"error","message":"Error renaming photos for visitor 0003: fs.existsSync is not a function","stack":"TypeError: fs.existsSync is not a function\n    at N:\\LOG BOOK\\server.js:283:12"}
{"level":"error","message":"Error deleting photos: fs.existsSync is not a function","stack":"TypeError: fs.existsSync is not a function\n    at N:\\LOG BOOK\\server.js:255:11"}
{"level":"error","message":"Error renaming photos for visitor 0002: fs.existsSync is not a function","stack":"TypeError: fs.existsSync is not a function\n    at N:\\LOG BOOK\\server.js:283:12"}
{"level":"info","message":"Server is running on port 3000"}
{"level":"info","message":"Server is running on port 3000"}
{"level":"info","message":"Server is running on port 3000"}
{"level":"info","message":"Server is running on port 3000"}
{"level":"info","message":"Server is running on port 3000"}
{"level":"info","message":"Server is running on port 3000"}
{"level":"info","message":"Server is running on port 3000"}
{"level":"info","message":"Server is running on port 3000"}
{"level":"info","message":"Server is running on port 3000"}
{"level":"info","message":"Server is running on port 3000"}
{"level":"info","message":"Server is running on port 3000"}
{"level":"info","message":"Server is running on port 3000"}
{"level":"info","message":"Server is running on port 3000"}
{"level":"error","message":"Error deleting photos: fs.existsSync is not a function","stack":"TypeError: fs.existsSync is not a function\n    at N:\\LOG BOOK\\server.js:255:11"}
{"level":"error","message":"Error renaming photos for visitor 0003: fs.existsSync is not a function","stack":"TypeError: fs.existsSync is not a function\n    at N:\\LOG BOOK\\server.js:283:12"}
{"level":"error","message":"Error deleting photos: fs.existsSync is not a function","stack":"TypeError: fs.existsSync is not a function\n    at N:\\LOG BOOK\\server.js:255:11"}
{"level":"error","message":"Error deleting photos: fs.existsSync is not a function","stack":"TypeError: fs.existsSync is not a function\n    at N:\\LOG BOOK\\server.js:255:11"}
{"level":"error","message":"Error renaming photos for visitor 0002: fs.existsSync is not a function","stack":"TypeError: fs.existsSync is not a function\n    at N:\\LOG BOOK\\server.js:283:12"}
{"level":"error","message":"Error deleting photos: fs.existsSync is not a function","stack":"TypeError: fs.existsSync is not a function\n    at N:\\LOG BOOK\\server.js:255:11"}
{"level":"error","message":"Error creating visitor: Missing required field: name","stack":"Error: Missing required field: name\n    at validateVisitorData (N:\\LOG BOOK\\server.js:100:10)\n    at N:\\LOG BOOK\\server.js:142:9\n    at Layer.handle [as handle_request] (N:\\LOG BOOK\\node_modules\\express\\lib\\router\\layer.js:95:5)\n    at next (N:\\LOG BOOK\\node_modules\\express\\lib\\router\\route.js:149:13)\n    at Route.dispatch (N:\\LOG BOOK\\node_modules\\express\\lib\\router\\route.js:119:3)\n    at Layer.handle [as handle_request] (N:\\LOG BOOK\\node_modules\\express\\lib\\router\\layer.js:95:5)\n    at N:\\LOG BOOK\\node_modules\\express\\lib\\router\\index.js:284:15\n    at Function.process_params (N:\\LOG BOOK\\node_modules\\express\\lib\\router\\index.js:346:12)\n    at next (N:\\LOG BOOK\\node_modules\\express\\lib\\router\\index.js:280:10)\n    at serveStatic (N:\\LOG BOOK\\node_modules\\serve-static\\index.js:75:16)"}
{"level":"error","message":"Error creating visitor: Missing required field: name","stack":"Error: Missing required field: name\n    at validateVisitorData (N:\\LOG BOOK\\server.js:100:10)\n    at N:\\LOG BOOK\\server.js:142:9\n    at Layer.handle [as handle_request] (N:\\LOG BOOK\\node_modules\\express\\lib\\router\\layer.js:95:5)\n    at next (N:\\LOG BOOK\\node_modules\\express\\lib\\router\\route.js:149:13)\n    at Route.dispatch (N:\\LOG BOOK\\node_modules\\express\\lib\\router\\route.js:119:3)\n    at Layer.handle [as handle_request] (N:\\LOG BOOK\\node_modules\\express\\lib\\router\\layer.js:95:5)\n    at N:\\LOG BOOK\\node_modules\\express\\lib\\router\\index.js:284:15\n    at Function.process_params (N:\\LOG BOOK\\node_modules\\express\\lib\\router\\index.js:346:12)\n    at next (N:\\LOG BOOK\\node_modules\\express\\lib\\router\\index.js:280:10)\n    at serveStatic (N:\\LOG BOOK\\node_modules\\serve-static\\index.js:75:16)"}
{"level":"info","message":"Server is running on port 3000"}
{"level":"error","message":"Error creating visitor: Missing required field: name","stack":"Error: Missing required field: name\n    at validateVisitorData (N:\\LOG BOOK\\server.js:100:10)\n    at N:\\LOG BOOK\\server.js:142:9\n    at Layer.handle [as handle_request] (N:\\LOG BOOK\\node_modules\\express\\lib\\router\\layer.js:95:5)\n    at next (N:\\LOG BOOK\\node_modules\\express\\lib\\router\\route.js:149:13)\n    at Route.dispatch (N:\\LOG BOOK\\node_modules\\express\\lib\\router\\route.js:119:3)\n    at Layer.handle [as handle_request] (N:\\LOG BOOK\\node_modules\\express\\lib\\router\\layer.js:95:5)\n    at N:\\LOG BOOK\\node_modules\\express\\lib\\router\\index.js:284:15\n    at Function.process_params (N:\\LOG BOOK\\node_modules\\express\\lib\\router\\index.js:346:12)\n    at next (N:\\LOG BOOK\\node_modules\\express\\lib\\router\\index.js:280:10)\n    at serveStatic (N:\\LOG BOOK\\node_modules\\serve-static\\index.js:75:16)"}
{"level":"info","message":"Server is running on port 3000"}
{"level":"error","message":"Error creating visitor: Invalid ID Number format","stack":"Error: Invalid ID Number format\n    at validateVisitorData (N:\\LOG BOOK\\server.js:107:9)\n    at N:\\LOG BOOK\\server.js:153:9\n    at Layer.handle [as handle_request] (N:\\LOG BOOK\\node_modules\\express\\lib\\router\\layer.js:95:5)\n    at next (N:\\LOG BOOK\\node_modules\\express\\lib\\router\\route.js:149:13)\n    at Route.dispatch (N:\\LOG BOOK\\node_modules\\express\\lib\\router\\route.js:119:3)\n    at Layer.handle [as handle_request] (N:\\LOG BOOK\\node_modules\\express\\lib\\router\\layer.js:95:5)\n    at N:\\LOG BOOK\\node_modules\\express\\lib\\router\\index.js:284:15\n    at Function.process_params (N:\\LOG BOOK\\node_modules\\express\\lib\\router\\index.js:346:12)\n    at next (N:\\LOG BOOK\\node_modules\\express\\lib\\router\\index.js:280:10)\n    at serveStatic (N:\\LOG BOOK\\node_modules\\serve-static\\index.js:75:16)"}
{"level":"error","message":"Error creating visitor: Invalid ID Number format","stack":"Error: Invalid ID Number format\n    at validateVisitorData (N:\\LOG BOOK\\server.js:107:9)\n    at N:\\LOG BOOK\\server.js:153:9\n    at Layer.handle [as handle_request] (N:\\LOG BOOK\\node_modules\\express\\lib\\router\\layer.js:95:5)\n    at next (N:\\LOG BOOK\\node_modules\\express\\lib\\router\\route.js:149:13)\n    at Route.dispatch (N:\\LOG BOOK\\node_modules\\express\\lib\\router\\route.js:119:3)\n    at Layer.handle [as handle_request] (N:\\LOG BOOK\\node_modules\\express\\lib\\router\\layer.js:95:5)\n    at N:\\LOG BOOK\\node_modules\\express\\lib\\router\\index.js:284:15\n    at Function.process_params (N:\\LOG BOOK\\node_modules\\express\\lib\\router\\index.js:346:12)\n    at next (N:\\LOG BOOK\\node_modules\\express\\lib\\router\\index.js:280:10)\n    at serveStatic (N:\\LOG BOOK\\node_modules\\serve-static\\index.js:75:16)"}
{"level":"error","message":"Error deleting photos: fs.existsSync is not a function","stack":"TypeError: fs.existsSync is not a function\n    at N:\\LOG BOOK\\server.js:275:11"}
{"level":"error","message":"Error renaming photos for visitor 0001: fs.existsSync is not a function","stack":"TypeError: fs.existsSync is not a function\n    at N:\\LOG BOOK\\server.js:303:12"}
{"level":"error","message":"Error renaming photos for visitor 0002: fs.existsSync is not a function","stack":"TypeError: fs.existsSync is not a function\n    at N:\\LOG BOOK\\server.js:303:12"}
{"level":"error","message":"Error renaming photos for visitor 0004: fs.existsSync is not a function","stack":"TypeError: fs.existsSync is not a function\n    at N:\\LOG BOOK\\server.js:303:12"}
{"level":"error","message":"Error renaming photos for visitor 0005: fs.existsSync is not a function","stack":"TypeError: fs.existsSync is not a function\n    at N:\\LOG BOOK\\server.js:303:12"}
{"level":"error","message":"Error renaming photos for visitor 0006: fs.existsSync is not a function","stack":"TypeError: fs.existsSync is not a function\n    at N:\\LOG BOOK\\server.js:303:12"}
{"level":"error","message":"Error deleting photos: fs.existsSync is not a function","stack":"TypeError: fs.existsSync is not a function\n    at N:\\LOG BOOK\\server.js:275:11"}
{"level":"error","message":"Error renaming photos for visitor 0002: fs.existsSync is not a function","stack":"TypeError: fs.existsSync is not a function\n    at N:\\LOG BOOK\\server.js:303:12"}
{"level":"error","message":"Error renaming photos for visitor 0003: fs.existsSync is not a function","stack":"TypeError: fs.existsSync is not a function\n    at N:\\LOG BOOK\\server.js:303:12"}
{"level":"error","message":"Error renaming photos for visitor 0004: fs.existsSync is not a function","stack":"TypeError: fs.existsSync is not a function\n    at N:\\LOG BOOK\\server.js:303:12"}
{"level":"error","message":"Error renaming photos for visitor 0005: fs.existsSync is not a function","stack":"TypeError: fs.existsSync is not a function\n    at N:\\LOG BOOK\\server.js:303:12"}
{"level":"error","message":"Error renaming photos for visitor 0006: fs.existsSync is not a function","stack":"TypeError: fs.existsSync is not a function\n    at N:\\LOG BOOK\\server.js:303:12"}
{"level":"error","message":"Error deleting photos: fs.existsSync is not a function","stack":"TypeError: fs.existsSync is not a function\n    at N:\\LOG BOOK\\server.js:275:11"}
{"level":"error","message":"Error renaming photos for visitor 0001: fs.existsSync is not a function","stack":"TypeError: fs.existsSync is not a function\n    at N:\\LOG BOOK\\server.js:303:12"}
{"level":"error","message":"Error renaming photos for visitor 0002: fs.existsSync is not a function","stack":"TypeError: fs.existsSync is not a function\n    at N:\\LOG BOOK\\server.js:303:12"}
{"level":"error","message":"Error renaming photos for visitor 0003: fs.existsSync is not a function","stack":"TypeError: fs.existsSync is not a function\n    at N:\\LOG BOOK\\server.js:303:12"}
{"level":"error","message":"Error renaming photos for visitor 0004: fs.existsSync is not a function","stack":"TypeError: fs.existsSync is not a function\n    at N:\\LOG BOOK\\server.js:303:12"}
{"level":"error","message":"Error renaming photos for visitor 0005: fs.existsSync is not a function","stack":"TypeError: fs.existsSync is not a function\n    at N:\\LOG BOOK\\server.js:303:12"}
{"level":"error","message":"Error deleting photos: fs.existsSync is not a function","stack":"TypeError: fs.existsSync is not a function\n    at N:\\LOG BOOK\\server.js:275:11"}
{"level":"error","message":"Error renaming photos for visitor 0001: fs.existsSync is not a function","stack":"TypeError: fs.existsSync is not a function\n    at N:\\LOG BOOK\\server.js:303:12"}
{"level":"error","message":"Error renaming photos for visitor 0002: fs.existsSync is not a function","stack":"TypeError: fs.existsSync is not a function\n    at N:\\LOG BOOK\\server.js:303:12"}
{"level":"error","message":"Error renaming photos for visitor 0003: fs.existsSync is not a function","stack":"TypeError: fs.existsSync is not a function\n    at N:\\LOG BOOK\\server.js:303:12"}
{"level":"error","message":"Error renaming photos for visitor 0004: fs.existsSync is not a function","stack":"TypeError: fs.existsSync is not a function\n    at N:\\LOG BOOK\\server.js:303:12"}
{"level":"error","message":"Error deleting photos: fs.existsSync is not a function","stack":"TypeError: fs.existsSync is not a function\n    at N:\\LOG BOOK\\server.js:275:11"}
{"level":"error","message":"Error renaming photos for visitor 0001: fs.existsSync is not a function","stack":"TypeError: fs.existsSync is not a function\n    at N:\\LOG BOOK\\server.js:303:12"}
{"level":"error","message":"Error renaming photos for visitor 0002: fs.existsSync is not a function","stack":"TypeError: fs.existsSync is not a function\n    at N:\\LOG BOOK\\server.js:303:12"}
{"level":"error","message":"Error renaming photos for visitor 0003: fs.existsSync is not a function","stack":"TypeError: fs.existsSync is not a function\n    at N:\\LOG BOOK\\server.js:303:12"}
{"level":"error","message":"Error deleting photos: fs.existsSync is not a function","stack":"TypeError: fs.existsSync is not a function\n    at N:\\LOG BOOK\\server.js:275:11"}
{"level":"error","message":"Error renaming photos for visitor 0001: fs.existsSync is not a function","stack":"TypeError: fs.existsSync is not a function\n    at N:\\LOG BOOK\\server.js:303:12"}
{"level":"error","message":"Error renaming photos for visitor 0002: fs.existsSync is not a function","stack":"TypeError: fs.existsSync is not a function\n    at N:\\LOG BOOK\\server.js:303:12"}
{"level":"error","message":"Error deleting photos: fs.existsSync is not a function","stack":"TypeError: fs.existsSync is not a function\n    at N:\\LOG BOOK\\server.js:275:11"}
{"level":"error","message":"Error renaming photos for visitor 0002: fs.existsSync is not a function","stack":"TypeError: fs.existsSync is not a function\n    at N:\\LOG BOOK\\server.js:303:12"}
{"level":"error","message":"Error deleting photos: fs.existsSync is not a function","stack":"TypeError: fs.existsSync is not a function\n    at N:\\LOG BOOK\\server.js:275:11"}
{"level":"error","message":"Error deleting photos: fs.existsSync is not a function","stack":"TypeError: fs.existsSync is not a function\n    at N:\\LOG BOOK\\server.js:275:11"}
{"level":"error","message":"Error deleting photos: fs.existsSync is not a function","stack":"TypeError: fs.existsSync is not a function\n    at N:\\LOG BOOK\\server.js:275:11"}
{"level":"error","message":"Error renaming photos for visitor 0001: fs.existsSync is not a function","stack":"TypeError: fs.existsSync is not a function\n    at N:\\LOG BOOK\\server.js:303:12"}
{"level":"error","message":"Error renaming photos for visitor 0002: fs.existsSync is not a function","stack":"TypeError: fs.existsSync is not a function\n    at N:\\LOG BOOK\\server.js:303:12"}
{"level":"error","message":"Error renaming photos for visitor 0003: fs.existsSync is not a function","stack":"TypeError: fs.existsSync is not a function\n    at N:\\LOG BOOK\\server.js:303:12"}
{"level":"error","message":"Error renaming photos for visitor 0004: fs.existsSync is not a function","stack":"TypeError: fs.existsSync is not a function\n    at N:\\LOG BOOK\\server.js:303:12"}
{"level":"error","message":"Error renaming photos for visitor 0005: fs.existsSync is not a function","stack":"TypeError: fs.existsSync is not a function\n    at N:\\LOG BOOK\\server.js:303:12"}
{"level":"error","message":"Error renaming photos for visitor 0006: fs.existsSync is not a function","stack":"TypeError: fs.existsSync is not a function\n    at N:\\LOG BOOK\\server.js:303:12"}
{"level":"error","message":"Error renaming photos for visitor 0007: fs.existsSync is not a function","stack":"TypeError: fs.existsSync is not a function\n    at N:\\LOG BOOK\\server.js:303:12"}
{"level":"error","message":"Error renaming photos for visitor 0008: fs.existsSync is not a function","stack":"TypeError: fs.existsSync is not a function\n    at N:\\LOG BOOK\\server.js:303:12"}
{"level":"error","message":"Error renaming photos for visitor 0009: fs.existsSync is not a function","stack":"TypeError: fs.existsSync is not a function\n    at N:\\LOG BOOK\\server.js:303:12"}
{"level":"error","message":"Error renaming photos for visitor 0010: fs.existsSync is not a function","stack":"TypeError: fs.existsSync is not a function\n    at N:\\LOG BOOK\\server.js:303:12"}
{"level":"error","message":"Error renaming photos for visitor 0011: fs.existsSync is not a function","stack":"TypeError: fs.existsSync is not a function\n    at N:\\LOG BOOK\\server.js:303:12"}
{"level":"error","message":"Error renaming photos for visitor 0012: fs.existsSync is not a function","stack":"TypeError: fs.existsSync is not a function\n    at N:\\LOG BOOK\\server.js:303:12"}
{"level":"error","message":"Error renaming photos for visitor 0013: fs.existsSync is not a function","stack":"TypeError: fs.existsSync is not a function\n    at N:\\LOG BOOK\\server.js:303:12"}
{"level":"error","message":"Error renaming photos for visitor 0014: fs.existsSync is not a function","stack":"TypeError: fs.existsSync is not a function\n    at N:\\LOG BOOK\\server.js:303:12"}
{"level":"error","message":"Error renaming photos for visitor 0015: fs.existsSync is not a function","stack":"TypeError: fs.existsSync is not a function\n    at N:\\LOG BOOK\\server.js:303:12"}
{"level":"error","message":"Error renaming photos for visitor 0016: fs.existsSync is not a function","stack":"TypeError: fs.existsSync is not a function\n    at N:\\LOG BOOK\\server.js:303:12"}
{"level":"error","message":"Error renaming photos for visitor 0017: fs.existsSync is not a function","stack":"TypeError: fs.existsSync is not a function\n    at N:\\LOG BOOK\\server.js:303:12"}
{"level":"error","message":"Error renaming photos for visitor 0018: fs.existsSync is not a function","stack":"TypeError: fs.existsSync is not a function\n    at N:\\LOG BOOK\\server.js:303:12"}
{"level":"error","message":"Error renaming photos for visitor 0019: fs.existsSync is not a function","stack":"TypeError: fs.existsSync is not a function\n    at N:\\LOG BOOK\\server.js:303:12"}
{"level":"error","message":"Error renaming photos for visitor 0020: fs.existsSync is not a function","stack":"TypeError: fs.existsSync is not a function\n    at N:\\LOG BOOK\\server.js:303:12"}
{"level":"error","message":"Error renaming photos for visitor 0021: fs.existsSync is not a function","stack":"TypeError: fs.existsSync is not a function\n    at N:\\LOG BOOK\\server.js:303:12"}
{"level":"error","message":"Error renaming photos for visitor 0022: fs.existsSync is not a function","stack":"TypeError: fs.existsSync is not a function\n    at N:\\LOG BOOK\\server.js:303:12"}
{"level":"error","message":"Error renaming photos for visitor 0023: fs.existsSync is not a function","stack":"TypeError: fs.existsSync is not a function\n    at N:\\LOG BOOK\\server.js:303:12"}
{"level":"error","message":"Error renaming photos for visitor 0024: fs.existsSync is not a function","stack":"TypeError: fs.existsSync is not a function\n    at N:\\LOG BOOK\\server.js:303:12"}
{"level":"error","message":"Error renaming photos for visitor 0025: fs.existsSync is not a function","stack":"TypeError: fs.existsSync is not a function\n    at N:\\LOG BOOK\\server.js:303:12"}
{"level":"error","message":"Error renaming photos for visitor 0026: fs.existsSync is not a function","stack":"TypeError: fs.existsSync is not a function\n    at N:\\LOG BOOK\\server.js:303:12"}
{"level":"error","message":"Error renaming photos for visitor 0027: fs.existsSync is not a function","stack":"TypeError: fs.existsSync is not a function\n    at N:\\LOG BOOK\\server.js:303:12"}
{"level":"error","message":"Error renaming photos for visitor 0028: fs.existsSync is not a function","stack":"TypeError: fs.existsSync is not a function\n    at N:\\LOG BOOK\\server.js:303:12"}
{"level":"error","message":"Error renaming photos for visitor 0029: fs.existsSync is not a function","stack":"TypeError: fs.existsSync is not a function\n    at N:\\LOG BOOK\\server.js:303:12"}
{"level":"error","message":"Error renaming photos for visitor 0030: fs.existsSync is not a function","stack":"TypeError: fs.existsSync is not a function\n    at N:\\LOG BOOK\\server.js:303:12"}
{"level":"error","message":"Error renaming photos for visitor 0031: fs.existsSync is not a function","stack":"TypeError: fs.existsSync is not a function\n    at N:\\LOG BOOK\\server.js:303:12"}
{"level":"error","message":"Error renaming photos for visitor 0032: fs.existsSync is not a function","stack":"TypeError: fs.existsSync is not a function\n    at N:\\LOG BOOK\\server.js:303:12"}
{"level":"error","message":"Error renaming photos for visitor 0034: fs.existsSync is not a function","stack":"TypeError: fs.existsSync is not a function\n    at N:\\LOG BOOK\\server.js:303:12"}
{"level":"error","message":"Error renaming photos for visitor 0035: fs.existsSync is not a function","stack":"TypeError: fs.existsSync is not a function\n    at N:\\LOG BOOK\\server.js:303:12"}
{"level":"error","message":"Error renaming photos for visitor 0036: fs.existsSync is not a function","stack":"TypeError: fs.existsSync is not a function\n    at N:\\LOG BOOK\\server.js:303:12"}
{"level":"error","message":"Error renaming photos for visitor 0037: fs.existsSync is not a function","stack":"TypeError: fs.existsSync is not a function\n    at N:\\LOG BOOK\\server.js:303:12"}
{"level":"error","message":"Error renaming photos for visitor 0038: fs.existsSync is not a function","stack":"TypeError: fs.existsSync is not a function\n    at N:\\LOG BOOK\\server.js:303:12"}
{"level":"error","message":"Error renaming photos for visitor 0039: fs.existsSync is not a function","stack":"TypeError: fs.existsSync is not a function\n    at N:\\LOG BOOK\\server.js:303:12"}
{"level":"error","message":"Error renaming photos for visitor 0040: fs.existsSync is not a function","stack":"TypeError: fs.existsSync is not a function\n    at N:\\LOG BOOK\\server.js:303:12"}
{"level":"error","message":"Error renaming photos for visitor 0041: fs.existsSync is not a function","stack":"TypeError: fs.existsSync is not a function\n    at N:\\LOG BOOK\\server.js:303:12"}
{"level":"error","message":"Error renaming photos for visitor 0042: fs.existsSync is not a function","stack":"TypeError: fs.existsSync is not a function\n    at N:\\LOG BOOK\\server.js:303:12"}
{"level":"info","message":"Server is running on port 3000"}
{"level":"info","message":"Server is running on port 3000"}
{"level":"info","message":"Server is running on port 3000"}
{"level":"info","message":"Server is running on port 3000"}
{"level":"info","message":"Server is running on port 3000"}
{"level":"info","message":"Server is running on port 3000"}
{"level":"info","message":"Server is running on port 3000"}
{"level":"error","message":"Error deleting photos: fs.existsSync is not a function","stack":"TypeError: fs.existsSync is not a function\n    at N:\\LOG BOOK\\server.js:278:11"}
{"level":"info","message":"Server is running on port 3000"}
{"level":"error","message":"Error deleting key photos: fs.existsSync is not a function","stack":"TypeError: fs.existsSync is not a function\n    at N:\\LOG BOOK\\server.js:466:11"}
{"level":"error","message":"Error renaming photos for key 0001: fs.existsSync is not a function","stack":"TypeError: fs.existsSync is not a function\n    at N:\\LOG BOOK\\server.js:493:12"}
{"level":"error","message":"Error renaming photos for key 0002: fs.existsSync is not a function","stack":"TypeError: fs.existsSync is not a function\n    at N:\\LOG BOOK\\server.js:493:12"}
{"level":"error","message":"Error deleting key photos: fs.existsSync is not a function","stack":"TypeError: fs.existsSync is not a function\n    at N:\\LOG BOOK\\server.js:466:11"}
{"level":"error","message":"Error renaming photos for key 0002: fs.existsSync is not a function","stack":"TypeError: fs.existsSync is not a function\n    at N:\\LOG BOOK\\server.js:493:12"}
{"level":"error","message":"Error deleting key photos: fs.existsSync is not a function","stack":"TypeError: fs.existsSync is not a function\n    at N:\\LOG BOOK\\server.js:466:11"}
{"level":"info","message":"Server is running on port 3000"}
{"level":"info","message":"Server is running on port 3000"}
{"level":"info","message":"Server is running on port 3000"}
{"level":"error","message":"Error deleting key photos: fs.existsSync is not a function","stack":"TypeError: fs.existsSync is not a function\n    at N:\\LOG BOOK\\server.js:483:11"}
{"level":"error","message":"Error deleting key photos: fs.existsSync is not a function","stack":"TypeError: fs.existsSync is not a function\n    at N:\\LOG BOOK\\server.js:483:11"}
{"level":"info","message":"Server is running on port 3000"}
{"level":"info","message":"Server is running on port 3000"}
{"level":"info","message":"Server is running on port 3000"}
{"level":"error","message":"Error deleting photos: fs.existsSync is not a function","stack":"TypeError: fs.existsSync is not a function\n    at N:\\LOG BOOK\\server.js:278:11"}
{"level":"info","message":"Server is running on port 3000"}
{"level":"info","message":"Server is running on port 3000"}
{"level":"info","message":"Server is running on port 3000"}
{"level":"info","message":"Server is running on port 3000"}
{"level":"info","message":"Server is running on port 3000"}
{"level":"info","message":"Server is running on port 3000"}
{"level":"info","message":"Server is running on port 3000"}
{"level":"info","message":"Server is running on port 3000"}
{"level":"info","message":"Server is running on port 3000"}
{"level":"info","message":"Server is running on port 3000"}
{"level":"info","message":"Server is running on port 3000"}
{"level":"info","message":"Server is running on port 3000"}
{"level":"info","message":"Server is running on port 3000"}
{"level":"info","message":"Server is running on port 3000"}
{"level":"info","message":"Server is running on port 3000"}
{"level":"info","message":"Server is running on port 3000"}
{"level":"info","message":"Server is running on port 3000"}
{"level":"info","message":"Server is running on port 3000"}
{"level":"info","message":"Server is running on port 3000"}
{"level":"info","message":"Server is running on port 3000"}
{"level":"info","message":"Server is running on port 3000"}
{"level":"info","message":"Server is running on port 3000"}
{"level":"info","message":"Server is running on port 3000"}
{"level":"error","message":"Error deleting key photos: fs.existsSync is not a function","stack":"TypeError: fs.existsSync is not a function\n    at N:\\LOG BOOK\\server.js:483:11"}
{"level":"error","message":"Error renaming photos for key 0001: fs.existsSync is not a function","stack":"TypeError: fs.existsSync is not a function\n    at N:\\LOG BOOK\\server.js:510:12"}
{"level":"info","message":"Server is running on port 3000"}
{"level":"info","message":"Server is running on port 3000"}
{"level":"info","message":"Server is running on port 3000"}
{"level":"info","message":"Server is running on port 3000"}
{"level":"info","message":"Server is running on port 3000"}
{"level":"info","message":"Server is running on port 3000"}
{"level":"info","message":"Server is running on port 3000"}
{"level":"info","message":"Server is running on port 3000"}
{"level":"info","message":"Server is running on port 3000"}
{"level":"info","message":"Server is running on port 3000"}
{"level":"info","message":"Server is running on port 3000"}
{"level":"info","message":"Server is running on port 3000"}
{"level":"info","message":"Server is running on port 3000"}
{"level":"info","message":"Server is running on port 3000"}
{"level":"info","message":"Server is running on port 3000"}
{"level":"info","message":"Server is running on port 3000"}
{"level":"info","message":"Server is running on port 3000"}
{"level":"info","message":"Server is running on port 3000"}
{"level":"info","message":"Server is running on port 3000"}
{"level":"info","message":"Server is running on port 3000"}
{"level":"info","message":"Server is running on port 3000"}
{"level":"info","message":"Server is running on port 3000"}
{"level":"info","message":"Server is running on port 3000"}
{"level":"info","message":"Server is running on port 3000"}
{"level":"info","message":"Server is running on port 3000"}
{"level":"info","message":"Server is running on port 3000"}
{"level":"error","message":"Error loading visitors: Unexpected non-whitespace character after JSON at position 9538 (line 320 column 1)","stack":"SyntaxError: Unexpected non-whitespace character after JSON at position 9538 (line 320 column 1)\n    at JSON.parse (<anonymous>)\n    at loadVisitors (N:\\LOG BOOK\\server.js:124:15)\n    at async N:\\LOG BOOK\\server.js:143:20"}
{"level":"error","message":"Error loading visitors: Unexpected non-whitespace character after JSON at position 9538 (line 320 column 1)","stack":"SyntaxError: Unexpected non-whitespace character after JSON at position 9538 (line 320 column 1)\n    at JSON.parse (<anonymous>)\n    at loadVisitors (N:\\LOG BOOK\\server.js:124:15)\n    at async N:\\LOG BOOK\\server.js:143:20"}
{"level":"error","message":"Error loading visitors: Unexpected non-whitespace character after JSON at position 9538 (line 320 column 1)","stack":"SyntaxError: Unexpected non-whitespace character after JSON at position 9538 (line 320 column 1)\n    at JSON.parse (<anonymous>)\n    at loadVisitors (N:\\LOG BOOK\\server.js:124:15)\n    at async N:\\LOG BOOK\\server.js:143:20"}
{"level":"error","message":"Error loading visitors: Unexpected non-whitespace character after JSON at position 9538 (line 320 column 1)","stack":"SyntaxError: Unexpected non-whitespace character after JSON at position 9538 (line 320 column 1)\n    at JSON.parse (<anonymous>)\n    at loadVisitors (N:\\LOG BOOK\\server.js:124:15)\n    at async N:\\LOG BOOK\\server.js:143:20"}
{"level":"error","message":"Error loading visitors: Expected ',' or ']' after array element in JSON at position 4699 (line 167 column 3)","stack":"SyntaxError: Expected ',' or ']' after array element in JSON at position 4699 (line 167 column 3)\n    at JSON.parse (<anonymous>)\n    at loadVisitors (N:\\LOG BOOK\\server.js:124:15)\n    at async N:\\LOG BOOK\\server.js:143:20"}
{"level":"error","message":"Error loading visitors: Expected ',' or ']' after array element in JSON at position 4699 (line 167 column 3)","stack":"SyntaxError: Expected ',' or ']' after array element in JSON at position 4699 (line 167 column 3)\n    at JSON.parse (<anonymous>)\n    at loadVisitors (N:\\LOG BOOK\\server.js:124:15)\n    at async N:\\LOG BOOK\\server.js:143:20"}
{"level":"error","message":"Error loading visitors: Expected ',' or ']' after array element in JSON at position 4699 (line 167 column 3)","stack":"SyntaxError: Expected ',' or ']' after array element in JSON at position 4699 (line 167 column 3)\n    at JSON.parse (<anonymous>)\n    at loadVisitors (N:\\LOG BOOK\\server.js:124:15)\n    at async N:\\LOG BOOK\\server.js:143:20"}
{"level":"error","message":"Error loading visitors: Expected ',' or ']' after array element in JSON at position 4699 (line 167 column 3)","stack":"SyntaxError: Expected ',' or ']' after array element in JSON at position 4699 (line 167 column 3)\n    at JSON.parse (<anonymous>)\n    at loadVisitors (N:\\LOG BOOK\\server.js:124:15)\n    at async N:\\LOG BOOK\\server.js:143:20"}
{"level":"error","message":"Error loading visitors: Expected ',' or ']' after array element in JSON at position 4699 (line 167 column 3)","stack":"SyntaxError: Expected ',' or ']' after array element in JSON at position 4699 (line 167 column 3)\n    at JSON.parse (<anonymous>)\n    at loadVisitors (N:\\LOG BOOK\\server.js:124:15)\n    at async N:\\LOG BOOK\\server.js:143:20"}
{"level":"error","message":"Error loading visitors: Expected ',' or ']' after array element in JSON at position 4699 (line 167 column 3)","stack":"SyntaxError: Expected ',' or ']' after array element in JSON at position 4699 (line 167 column 3)\n    at JSON.parse (<anonymous>)\n    at loadVisitors (N:\\LOG BOOK\\server.js:124:15)\n    at async N:\\LOG BOOK\\server.js:143:20"}
{"level":"error","message":"Error loading visitors: Expected ',' or ']' after array element in JSON at position 4699 (line 167 column 3)","stack":"SyntaxError: Expected ',' or ']' after array element in JSON at position 4699 (line 167 column 3)\n    at JSON.parse (<anonymous>)\n    at loadVisitors (N:\\LOG BOOK\\server.js:124:15)\n    at async N:\\LOG BOOK\\server.js:143:20"}
{"level":"error","message":"Error loading visitors: Expected ',' or ']' after array element in JSON at position 4699 (line 167 column 3)","stack":"SyntaxError: Expected ',' or ']' after array element in JSON at position 4699 (line 167 column 3)\n    at JSON.parse (<anonymous>)\n    at loadVisitors (N:\\LOG BOOK\\server.js:124:15)\n    at async N:\\LOG BOOK\\server.js:143:20"}
{"level":"error","message":"Error loading visitors: Expected ',' or ']' after array element in JSON at position 4699 (line 167 column 3)","stack":"SyntaxError: Expected ',' or ']' after array element in JSON at position 4699 (line 167 column 3)\n    at JSON.parse (<anonymous>)\n    at loadVisitors (N:\\LOG BOOK\\server.js:124:15)\n    at async N:\\LOG BOOK\\server.js:143:20"}
{"level":"error","message":"Error loading visitors: Expected ',' or ']' after array element in JSON at position 4699 (line 167 column 3)","stack":"SyntaxError: Expected ',' or ']' after array element in JSON at position 4699 (line 167 column 3)\n    at JSON.parse (<anonymous>)\n    at loadVisitors (N:\\LOG BOOK\\server.js:124:15)\n    at async N:\\LOG BOOK\\server.js:143:20"}
{"level":"info","message":"Server is running on port 3000"}
{"level":"info","message":"Server is running on port 3000"}
{"level":"info","message":"Server is running on port 3000"}
{"level":"error","message":"Error loading visitors: Unexpected end of JSON input","stack":"SyntaxError: Unexpected end of JSON input\n    at JSON.parse (<anonymous>)\n    at loadVisitors (N:\\LOG BOOK\\server.js:124:15)\n    at async N:\\LOG BOOK\\server.js:387:20"}
{"level":"error","message":"Error loading visitors: Unexpected end of JSON input","stack":"SyntaxError: Unexpected end of JSON input\n    at JSON.parse (<anonymous>)\n    at loadVisitors (N:\\LOG BOOK\\server.js:124:15)\n    at async N:\\LOG BOOK\\server.js:387:20"}
{"level":"error","message":"Error loading visitors: Unexpected end of JSON input","stack":"SyntaxError: Unexpected end of JSON input\n    at JSON.parse (<anonymous>)\n    at loadVisitors (N:\\LOG BOOK\\server.js:124:15)\n    at async N:\\LOG BOOK\\server.js:387:20"}
{"level":"error","message":"Error loading visitors: Unexpected end of JSON input","stack":"SyntaxError: Unexpected end of JSON input\n    at JSON.parse (<anonymous>)\n    at loadVisitors (N:\\LOG BOOK\\server.js:124:15)\n    at async N:\\LOG BOOK\\server.js:387:20"}
{"level":"error","message":"Error loading visitors: Unexpected non-whitespace character after JSON at position 3768 (line 145 column 1)","stack":"SyntaxError: Unexpected non-whitespace character after JSON at position 3768 (line 145 column 1)\n    at JSON.parse (<anonymous>)\n    at loadVisitors (N:\\LOG BOOK\\server.js:124:15)\n    at async N:\\LOG BOOK\\server.js:387:20"}
{"level":"error","message":"Error loading visitors: Unexpected non-whitespace character after JSON at position 3768 (line 145 column 1)","stack":"SyntaxError: Unexpected non-whitespace character after JSON at position 3768 (line 145 column 1)\n    at JSON.parse (<anonymous>)\n    at loadVisitors (N:\\LOG BOOK\\server.js:124:15)\n    at async N:\\LOG BOOK\\server.js:387:20"}
{"level":"error","message":"Error loading visitors: Expected ',' or ']' after array element in JSON at position 700 (line 30 column 3)","stack":"SyntaxError: Expected ',' or ']' after array element in JSON at position 700 (line 30 column 3)\n    at JSON.parse (<anonymous>)\n    at loadVisitors (N:\\LOG BOOK\\server.js:124:15)\n    at async N:\\LOG BOOK\\server.js:387:20"}
{"level":"error","message":"Error loading visitors: Expected ',' or ']' after array element in JSON at position 700 (line 30 column 3)","stack":"SyntaxError: Expected ',' or ']' after array element in JSON at position 700 (line 30 column 3)\n    at JSON.parse (<anonymous>)\n    at loadVisitors (N:\\LOG BOOK\\server.js:124:15)\n    at async N:\\LOG BOOK\\server.js:387:20"}
{"level":"error","message":"Error loading visitors: Expected ',' or ']' after array element in JSON at position 1061 (line 44 column 3)","stack":"SyntaxError: Expected ',' or ']' after array element in JSON at position 1061 (line 44 column 3)\n    at JSON.parse (<anonymous>)\n    at loadVisitors (N:\\LOG BOOK\\server.js:124:15)\n    at async N:\\LOG BOOK\\server.js:387:20"}
{"level":"error","message":"Error loading visitors: Expected ',' or ']' after array element in JSON at position 1061 (line 44 column 3)","stack":"SyntaxError: Expected ',' or ']' after array element in JSON at position 1061 (line 44 column 3)\n    at JSON.parse (<anonymous>)\n    at loadVisitors (N:\\LOG BOOK\\server.js:124:15)\n    at async N:\\LOG BOOK\\server.js:387:20"}
{"level":"error","message":"Error loading visitors: Expected ',' or ']' after array element in JSON at position 1061 (line 44 column 3)","stack":"SyntaxError: Expected ',' or ']' after array element in JSON at position 1061 (line 44 column 3)\n    at JSON.parse (<anonymous>)\n    at loadVisitors (N:\\LOG BOOK\\server.js:124:15)\n    at async N:\\LOG BOOK\\server.js:387:20"}
{"level":"error","message":"Error loading visitors: Expected ',' or ']' after array element in JSON at position 1061 (line 44 column 3)","stack":"SyntaxError: Expected ',' or ']' after array element in JSON at position 1061 (line 44 column 3)\n    at JSON.parse (<anonymous>)\n    at loadVisitors (N:\\LOG BOOK\\server.js:124:15)\n    at async N:\\LOG BOOK\\server.js:387:20"}
{"level":"error","message":"Error loading visitors: Expected ',' or ']' after array element in JSON at position 1061 (line 44 column 3)","stack":"SyntaxError: Expected ',' or ']' after array element in JSON at position 1061 (line 44 column 3)\n    at JSON.parse (<anonymous>)\n    at loadVisitors (N:\\LOG BOOK\\server.js:124:15)\n    at async N:\\LOG BOOK\\server.js:387:20"}
{"level":"error","message":"Error loading visitors: Expected ',' or ']' after array element in JSON at position 1061 (line 44 column 3)","stack":"SyntaxError: Expected ',' or ']' after array element in JSON at position 1061 (line 44 column 3)\n    at JSON.parse (<anonymous>)\n    at loadVisitors (N:\\LOG BOOK\\server.js:124:15)\n    at async N:\\LOG BOOK\\server.js:387:20"}
{"level":"error","message":"Error loading visitors: Expected ',' or ']' after array element in JSON at position 1061 (line 44 column 3)","stack":"SyntaxError: Expected ',' or ']' after array element in JSON at position 1061 (line 44 column 3)\n    at JSON.parse (<anonymous>)\n    at loadVisitors (N:\\LOG BOOK\\server.js:124:15)\n    at async N:\\LOG BOOK\\server.js:387:20"}
{"level":"error","message":"Error loading visitors: Expected ',' or ']' after array element in JSON at position 1061 (line 44 column 3)","stack":"SyntaxError: Expected ',' or ']' after array element in JSON at position 1061 (line 44 column 3)\n    at JSON.parse (<anonymous>)\n    at loadVisitors (N:\\LOG BOOK\\server.js:124:15)\n    at async N:\\LOG BOOK\\server.js:387:20"}
{"level":"error","message":"Error loading visitors: Expected ',' or ']' after array element in JSON at position 1061 (line 44 column 3)","stack":"SyntaxError: Expected ',' or ']' after array element in JSON at position 1061 (line 44 column 3)\n    at JSON.parse (<anonymous>)\n    at loadVisitors (N:\\LOG BOOK\\server.js:124:15)\n    at async N:\\LOG BOOK\\server.js:387:20"}
{"level":"error","message":"Error loading visitors: Expected ',' or ']' after array element in JSON at position 1061 (line 44 column 3)","stack":"SyntaxError: Expected ',' or ']' after array element in JSON at position 1061 (line 44 column 3)\n    at JSON.parse (<anonymous>)\n    at loadVisitors (N:\\LOG BOOK\\server.js:124:15)\n    at async N:\\LOG BOOK\\server.js:387:20"}
{"level":"error","message":"Error loading visitors: Expected ',' or ']' after array element in JSON at position 1061 (line 44 column 3)","stack":"SyntaxError: Expected ',' or ']' after array element in JSON at position 1061 (line 44 column 3)\n    at JSON.parse (<anonymous>)\n    at loadVisitors (N:\\LOG BOOK\\server.js:124:15)\n    at async N:\\LOG BOOK\\server.js:387:20"}
{"level":"error","message":"Error loading visitors: Expected ',' or ']' after array element in JSON at position 1061 (line 44 column 3)","stack":"SyntaxError: Expected ',' or ']' after array element in JSON at position 1061 (line 44 column 3)\n    at JSON.parse (<anonymous>)\n    at loadVisitors (N:\\LOG BOOK\\server.js:124:15)\n    at async N:\\LOG BOOK\\server.js:387:20"}
{"level":"error","message":"Error loading visitors: Expected ',' or ']' after array element in JSON at position 1061 (line 44 column 3)","stack":"SyntaxError: Expected ',' or ']' after array element in JSON at position 1061 (line 44 column 3)\n    at JSON.parse (<anonymous>)\n    at loadVisitors (N:\\LOG BOOK\\server.js:124:15)\n    at async N:\\LOG BOOK\\server.js:387:20"}
{"level":"error","message":"Error loading visitors: Expected ',' or ']' after array element in JSON at position 1061 (line 44 column 3)","stack":"SyntaxError: Expected ',' or ']' after array element in JSON at position 1061 (line 44 column 3)\n    at JSON.parse (<anonymous>)\n    at loadVisitors (N:\\LOG BOOK\\server.js:124:15)\n    at async N:\\LOG BOOK\\server.js:387:20"}
{"level":"error","message":"Error loading visitors: Expected ',' or ']' after array element in JSON at position 1061 (line 44 column 3)","stack":"SyntaxError: Expected ',' or ']' after array element in JSON at position 1061 (line 44 column 3)\n    at JSON.parse (<anonymous>)\n    at loadVisitors (N:\\LOG BOOK\\server.js:124:15)\n    at async N:\\LOG BOOK\\server.js:387:20"}
{"level":"error","message":"Error loading visitors: Expected ',' or ']' after array element in JSON at position 1061 (line 44 column 3)","stack":"SyntaxError: Expected ',' or ']' after array element in JSON at position 1061 (line 44 column 3)\n    at JSON.parse (<anonymous>)\n    at loadVisitors (N:\\LOG BOOK\\server.js:124:15)\n    at async N:\\LOG BOOK\\server.js:387:20"}
{"level":"error","message":"Error loading visitors: Expected ',' or ']' after array element in JSON at position 1061 (line 44 column 3)","stack":"SyntaxError: Expected ',' or ']' after array element in JSON at position 1061 (line 44 column 3)\n    at JSON.parse (<anonymous>)\n    at loadVisitors (N:\\LOG BOOK\\server.js:124:15)\n    at async N:\\LOG BOOK\\server.js:387:20"}
{"level":"error","message":"Error loading visitors: Expected ',' or ']' after array element in JSON at position 1061 (line 44 column 3)","stack":"SyntaxError: Expected ',' or ']' after array element in JSON at position 1061 (line 44 column 3)\n    at JSON.parse (<anonymous>)\n    at loadVisitors (N:\\LOG BOOK\\server.js:124:15)\n    at async N:\\LOG BOOK\\server.js:387:20"}
{"level":"error","message":"Error loading visitors: Expected ',' or ']' after array element in JSON at position 1061 (line 44 column 3)","stack":"SyntaxError: Expected ',' or ']' after array element in JSON at position 1061 (line 44 column 3)\n    at JSON.parse (<anonymous>)\n    at loadVisitors (N:\\LOG BOOK\\server.js:124:15)\n    at async N:\\LOG BOOK\\server.js:387:20"}
{"level":"error","message":"Error loading visitors: Expected ',' or ']' after array element in JSON at position 1061 (line 44 column 3)","stack":"SyntaxError: Expected ',' or ']' after array element in JSON at position 1061 (line 44 column 3)\n    at JSON.parse (<anonymous>)\n    at loadVisitors (N:\\LOG BOOK\\server.js:124:15)\n    at async N:\\LOG BOOK\\server.js:387:20"}
{"level":"error","message":"Error loading visitors: Expected ',' or ']' after array element in JSON at position 1061 (line 44 column 3)","stack":"SyntaxError: Expected ',' or ']' after array element in JSON at position 1061 (line 44 column 3)\n    at JSON.parse (<anonymous>)\n    at loadVisitors (N:\\LOG BOOK\\server.js:124:15)\n    at async N:\\LOG BOOK\\server.js:387:20"}
{"level":"error","message":"Error loading visitors: Expected ',' or ']' after array element in JSON at position 1061 (line 44 column 3)","stack":"SyntaxError: Expected ',' or ']' after array element in JSON at position 1061 (line 44 column 3)\n    at JSON.parse (<anonymous>)\n    at loadVisitors (N:\\LOG BOOK\\server.js:124:15)\n    at async N:\\LOG BOOK\\server.js:387:20"}
{"level":"error","message":"Error loading visitors: Expected ',' or ']' after array element in JSON at position 1061 (line 44 column 3)","stack":"SyntaxError: Expected ',' or ']' after array element in JSON at position 1061 (line 44 column 3)\n    at JSON.parse (<anonymous>)\n    at loadVisitors (N:\\LOG BOOK\\server.js:124:15)\n    at async N:\\LOG BOOK\\server.js:387:20"}
{"level":"error","message":"Error loading visitors: Expected ',' or ']' after array element in JSON at position 1061 (line 44 column 3)","stack":"SyntaxError: Expected ',' or ']' after array element in JSON at position 1061 (line 44 column 3)\n    at JSON.parse (<anonymous>)\n    at loadVisitors (N:\\LOG BOOK\\server.js:124:15)\n    at async N:\\LOG BOOK\\server.js:387:20"}
{"level":"error","message":"Error loading visitors: Expected ',' or ']' after array element in JSON at position 1061 (line 44 column 3)","stack":"SyntaxError: Expected ',' or ']' after array element in JSON at position 1061 (line 44 column 3)\n    at JSON.parse (<anonymous>)\n    at loadVisitors (N:\\LOG BOOK\\server.js:124:15)\n    at async N:\\LOG BOOK\\server.js:387:20"}
{"level":"error","message":"Error loading visitors: Expected ',' or ']' after array element in JSON at position 1061 (line 44 column 3)","stack":"SyntaxError: Expected ',' or ']' after array element in JSON at position 1061 (line 44 column 3)\n    at JSON.parse (<anonymous>)\n    at loadVisitors (N:\\LOG BOOK\\server.js:124:15)\n    at async N:\\LOG BOOK\\server.js:387:20"}
{"level":"error","message":"Error loading visitors: Expected ',' or ']' after array element in JSON at position 1061 (line 44 column 3)","stack":"SyntaxError: Expected ',' or ']' after array element in JSON at position 1061 (line 44 column 3)\n    at JSON.parse (<anonymous>)\n    at loadVisitors (N:\\LOG BOOK\\server.js:124:15)\n    at async N:\\LOG BOOK\\server.js:387:20"}
{"level":"error","message":"Error loading visitors: Expected ',' or ']' after array element in JSON at position 1061 (line 44 column 3)","stack":"SyntaxError: Expected ',' or ']' after array element in JSON at position 1061 (line 44 column 3)\n    at JSON.parse (<anonymous>)\n    at loadVisitors (N:\\LOG BOOK\\server.js:124:15)\n    at async N:\\LOG BOOK\\server.js:387:20"}
{"level":"error","message":"Error loading visitors: Expected ',' or ']' after array element in JSON at position 1061 (line 44 column 3)","stack":"SyntaxError: Expected ',' or ']' after array element in JSON at position 1061 (line 44 column 3)\n    at JSON.parse (<anonymous>)\n    at loadVisitors (N:\\LOG BOOK\\server.js:124:15)\n    at async N:\\LOG BOOK\\server.js:387:20"}
{"level":"error","message":"Error loading visitors: Expected ',' or ']' after array element in JSON at position 1061 (line 44 column 3)","stack":"SyntaxError: Expected ',' or ']' after array element in JSON at position 1061 (line 44 column 3)\n    at JSON.parse (<anonymous>)\n    at loadVisitors (N:\\LOG BOOK\\server.js:124:15)\n    at async N:\\LOG BOOK\\server.js:387:20"}
{"level":"error","message":"Error loading visitors: Expected ',' or ']' after array element in JSON at position 1061 (line 44 column 3)","stack":"SyntaxError: Expected ',' or ']' after array element in JSON at position 1061 (line 44 column 3)\n    at JSON.parse (<anonymous>)\n    at loadVisitors (N:\\LOG BOOK\\server.js:124:15)\n    at async N:\\LOG BOOK\\server.js:387:20"}
{"level":"error","message":"Error loading visitors: Expected ',' or ']' after array element in JSON at position 1061 (line 44 column 3)","stack":"SyntaxError: Expected ',' or ']' after array element in JSON at position 1061 (line 44 column 3)\n    at JSON.parse (<anonymous>)\n    at loadVisitors (N:\\LOG BOOK\\server.js:124:15)\n    at async N:\\LOG BOOK\\server.js:387:20"}
{"level":"error","message":"Error loading visitors: Expected ',' or ']' after array element in JSON at position 1061 (line 44 column 3)","stack":"SyntaxError: Expected ',' or ']' after array element in JSON at position 1061 (line 44 column 3)\n    at JSON.parse (<anonymous>)\n    at loadVisitors (N:\\LOG BOOK\\server.js:124:15)\n    at async N:\\LOG BOOK\\server.js:387:20"}
{"level":"error","message":"Error loading visitors: Expected ',' or ']' after array element in JSON at position 1061 (line 44 column 3)","stack":"SyntaxError: Expected ',' or ']' after array element in JSON at position 1061 (line 44 column 3)\n    at JSON.parse (<anonymous>)\n    at loadVisitors (N:\\LOG BOOK\\server.js:124:15)\n    at async N:\\LOG BOOK\\server.js:387:20"}
{"level":"error","message":"Error loading visitors: Expected ',' or ']' after array element in JSON at position 1061 (line 44 column 3)","stack":"SyntaxError: Expected ',' or ']' after array element in JSON at position 1061 (line 44 column 3)\n    at JSON.parse (<anonymous>)\n    at loadVisitors (N:\\LOG BOOK\\server.js:124:15)\n    at async N:\\LOG BOOK\\server.js:387:20"}
{"level":"error","message":"Error loading visitors: Expected ',' or ']' after array element in JSON at position 1061 (line 44 column 3)","stack":"SyntaxError: Expected ',' or ']' after array element in JSON at position 1061 (line 44 column 3)\n    at JSON.parse (<anonymous>)\n    at loadVisitors (N:\\LOG BOOK\\server.js:124:15)\n    at async N:\\LOG BOOK\\server.js:387:20"}
{"level":"error","message":"Error loading visitors: Expected ',' or ']' after array element in JSON at position 1061 (line 44 column 3)","stack":"SyntaxError: Expected ',' or ']' after array element in JSON at position 1061 (line 44 column 3)\n    at JSON.parse (<anonymous>)\n    at loadVisitors (N:\\LOG BOOK\\server.js:124:15)\n    at async N:\\LOG BOOK\\server.js:387:20"}
{"level":"error","message":"Error loading visitors: Expected ',' or ']' after array element in JSON at position 1061 (line 44 column 3)","stack":"SyntaxError: Expected ',' or ']' after array element in JSON at position 1061 (line 44 column 3)\n    at JSON.parse (<anonymous>)\n    at loadVisitors (N:\\LOG BOOK\\server.js:124:15)\n    at async N:\\LOG BOOK\\server.js:387:20"}
{"level":"error","message":"Error loading visitors: Expected ',' or ']' after array element in JSON at position 1061 (line 44 column 3)","stack":"SyntaxError: Expected ',' or ']' after array element in JSON at position 1061 (line 44 column 3)\n    at JSON.parse (<anonymous>)\n    at loadVisitors (N:\\LOG BOOK\\server.js:124:15)\n    at async N:\\LOG BOOK\\server.js:387:20"}
{"level":"error","message":"Error loading visitors: Expected ',' or ']' after array element in JSON at position 1061 (line 44 column 3)","stack":"SyntaxError: Expected ',' or ']' after array element in JSON at position 1061 (line 44 column 3)\n    at JSON.parse (<anonymous>)\n    at loadVisitors (N:\\LOG BOOK\\server.js:124:15)\n    at async N:\\LOG BOOK\\server.js:387:20"}
{"level":"error","message":"Error loading visitors: Expected ',' or ']' after array element in JSON at position 1061 (line 44 column 3)","stack":"SyntaxError: Expected ',' or ']' after array element in JSON at position 1061 (line 44 column 3)\n    at JSON.parse (<anonymous>)\n    at loadVisitors (N:\\LOG BOOK\\server.js:124:15)\n    at async N:\\LOG BOOK\\server.js:387:20"}
{"level":"error","message":"Error loading visitors: Expected ',' or ']' after array element in JSON at position 1061 (line 44 column 3)","stack":"SyntaxError: Expected ',' or ']' after array element in JSON at position 1061 (line 44 column 3)\n    at JSON.parse (<anonymous>)\n    at loadVisitors (N:\\LOG BOOK\\server.js:124:15)\n    at async N:\\LOG BOOK\\server.js:387:20"}
{"level":"error","message":"Error loading visitors: Expected ',' or ']' after array element in JSON at position 1061 (line 44 column 3)","stack":"SyntaxError: Expected ',' or ']' after array element in JSON at position 1061 (line 44 column 3)\n    at JSON.parse (<anonymous>)\n    at loadVisitors (N:\\LOG BOOK\\server.js:124:15)\n    at async N:\\LOG BOOK\\server.js:387:20"}
{"level":"error","message":"Error loading visitors: Expected ',' or ']' after array element in JSON at position 1061 (line 44 column 3)","stack":"SyntaxError: Expected ',' or ']' after array element in JSON at position 1061 (line 44 column 3)\n    at JSON.parse (<anonymous>)\n    at loadVisitors (N:\\LOG BOOK\\server.js:124:15)\n    at async N:\\LOG BOOK\\server.js:387:20"}
{"level":"error","message":"Error loading visitors: Expected ',' or ']' after array element in JSON at position 1061 (line 44 column 3)","stack":"SyntaxError: Expected ',' or ']' after array element in JSON at position 1061 (line 44 column 3)\n    at JSON.parse (<anonymous>)\n    at loadVisitors (N:\\LOG BOOK\\server.js:124:15)\n    at async N:\\LOG BOOK\\server.js:387:20"}
{"level":"error","message":"Error loading visitors: Expected ',' or ']' after array element in JSON at position 1061 (line 44 column 3)","stack":"SyntaxError: Expected ',' or ']' after array element in JSON at position 1061 (line 44 column 3)\n    at JSON.parse (<anonymous>)\n    at loadVisitors (N:\\LOG BOOK\\server.js:124:15)\n    at async N:\\LOG BOOK\\server.js:387:20"}
{"level":"error","message":"Error loading visitors: Expected ',' or ']' after array element in JSON at position 1061 (line 44 column 3)","stack":"SyntaxError: Expected ',' or ']' after array element in JSON at position 1061 (line 44 column 3)\n    at JSON.parse (<anonymous>)\n    at loadVisitors (N:\\LOG BOOK\\server.js:124:15)\n    at async N:\\LOG BOOK\\server.js:387:20"}
{"level":"error","message":"Error loading visitors: Expected ',' or ']' after array element in JSON at position 1061 (line 44 column 3)","stack":"SyntaxError: Expected ',' or ']' after array element in JSON at position 1061 (line 44 column 3)\n    at JSON.parse (<anonymous>)\n    at loadVisitors (N:\\LOG BOOK\\server.js:124:15)\n    at async N:\\LOG BOOK\\server.js:387:20"}
{"level":"error","message":"Error loading visitors: Expected ',' or ']' after array element in JSON at position 1061 (line 44 column 3)","stack":"SyntaxError: Expected ',' or ']' after array element in JSON at position 1061 (line 44 column 3)\n    at JSON.parse (<anonymous>)\n    at loadVisitors (N:\\LOG BOOK\\server.js:124:15)\n    at async N:\\LOG BOOK\\server.js:387:20"}
{"level":"error","message":"Error loading visitors: Expected ',' or ']' after array element in JSON at position 1061 (line 44 column 3)","stack":"SyntaxError: Expected ',' or ']' after array element in JSON at position 1061 (line 44 column 3)\n    at JSON.parse (<anonymous>)\n    at loadVisitors (N:\\LOG BOOK\\server.js:124:15)\n    at async N:\\LOG BOOK\\server.js:387:20"}
{"level":"error","message":"Error loading visitors: Expected ',' or ']' after array element in JSON at position 1061 (line 44 column 3)","stack":"SyntaxError: Expected ',' or ']' after array element in JSON at position 1061 (line 44 column 3)\n    at JSON.parse (<anonymous>)\n    at loadVisitors (N:\\LOG BOOK\\server.js:124:15)\n    at async N:\\LOG BOOK\\server.js:387:20"}
{"level":"error","message":"Error loading visitors: Expected ',' or ']' after array element in JSON at position 1061 (line 44 column 3)","stack":"SyntaxError: Expected ',' or ']' after array element in JSON at position 1061 (line 44 column 3)\n    at JSON.parse (<anonymous>)\n    at loadVisitors (N:\\LOG BOOK\\server.js:124:15)\n    at async N:\\LOG BOOK\\server.js:387:20"}
{"level":"error","message":"Error loading visitors: Expected ',' or ']' after array element in JSON at position 1061 (line 44 column 3)","stack":"SyntaxError: Expected ',' or ']' after array element in JSON at position 1061 (line 44 column 3)\n    at JSON.parse (<anonymous>)\n    at loadVisitors (N:\\LOG BOOK\\server.js:124:15)\n    at async N:\\LOG BOOK\\server.js:387:20"}
{"level":"error","message":"Error loading visitors: Expected ',' or ']' after array element in JSON at position 1061 (line 44 column 3)","stack":"SyntaxError: Expected ',' or ']' after array element in JSON at position 1061 (line 44 column 3)\n    at JSON.parse (<anonymous>)\n    at loadVisitors (N:\\LOG BOOK\\server.js:124:15)\n    at async N:\\LOG BOOK\\server.js:387:20"}
{"level":"error","message":"Error loading visitors: Expected ',' or ']' after array element in JSON at position 1061 (line 44 column 3)","stack":"SyntaxError: Expected ',' or ']' after array element in JSON at position 1061 (line 44 column 3)\n    at JSON.parse (<anonymous>)\n    at loadVisitors (N:\\LOG BOOK\\server.js:124:15)\n    at async N:\\LOG BOOK\\server.js:387:20"}
{"level":"error","message":"Error loading visitors: Expected ',' or ']' after array element in JSON at position 1061 (line 44 column 3)","stack":"SyntaxError: Expected ',' or ']' after array element in JSON at position 1061 (line 44 column 3)\n    at JSON.parse (<anonymous>)\n    at loadVisitors (N:\\LOG BOOK\\server.js:124:15)\n    at async N:\\LOG BOOK\\server.js:387:20"}
{"level":"error","message":"Error loading visitors: Expected ',' or ']' after array element in JSON at position 1061 (line 44 column 3)","stack":"SyntaxError: Expected ',' or ']' after array element in JSON at position 1061 (line 44 column 3)\n    at JSON.parse (<anonymous>)\n    at loadVisitors (N:\\LOG BOOK\\server.js:124:15)\n    at async N:\\LOG BOOK\\server.js:387:20"}
{"level":"error","message":"Error loading visitors: Expected ',' or ']' after array element in JSON at position 1061 (line 44 column 3)","stack":"SyntaxError: Expected ',' or ']' after array element in JSON at position 1061 (line 44 column 3)\n    at JSON.parse (<anonymous>)\n    at loadVisitors (N:\\LOG BOOK\\server.js:124:15)\n    at async N:\\LOG BOOK\\server.js:387:20"}
{"level":"error","message":"Error loading visitors: Expected ',' or ']' after array element in JSON at position 1061 (line 44 column 3)","stack":"SyntaxError: Expected ',' or ']' after array element in JSON at position 1061 (line 44 column 3)\n    at JSON.parse (<anonymous>)\n    at loadVisitors (N:\\LOG BOOK\\server.js:124:15)\n    at async N:\\LOG BOOK\\server.js:387:20"}
{"level":"error","message":"Error loading visitors: Expected ',' or ']' after array element in JSON at position 1061 (line 44 column 3)","stack":"SyntaxError: Expected ',' or ']' after array element in JSON at position 1061 (line 44 column 3)\n    at JSON.parse (<anonymous>)\n    at loadVisitors (N:\\LOG BOOK\\server.js:124:15)\n    at async N:\\LOG BOOK\\server.js:387:20"}
{"level":"error","message":"Error loading visitors: Expected ',' or ']' after array element in JSON at position 1061 (line 44 column 3)","stack":"SyntaxError: Expected ',' or ']' after array element in JSON at position 1061 (line 44 column 3)\n    at JSON.parse (<anonymous>)\n    at loadVisitors (N:\\LOG BOOK\\server.js:124:15)\n    at async N:\\LOG BOOK\\server.js:387:20"}
{"level":"error","message":"Error loading visitors: Expected ',' or ']' after array element in JSON at position 1061 (line 44 column 3)","stack":"SyntaxError: Expected ',' or ']' after array element in JSON at position 1061 (line 44 column 3)\n    at JSON.parse (<anonymous>)\n    at loadVisitors (N:\\LOG BOOK\\server.js:124:15)\n    at async N:\\LOG BOOK\\server.js:387:20"}
{"level":"info","message":"Server is running on port 3000"}
{"level":"info","message":"Server is running on port 3000"}
{"level":"info","message":"Server is running on port 3000"}
{"level":"info","message":"Server is running on port 3000"}
{"level":"info","message":"Server is running on port 3000"}
{"level":"info","message":"Server is running on port 3000"}
{"level":"info","message":"Server is running on port 3000"}
{"level":"info","message":"Server is running on port 3000"}
{"level":"info","message":"Server is running on port 3000"}
{"level":"info","message":"Server is running on port 3000"}
